c:\users\tombeer\documents\visual studio 2012\projects\mlps\mlps\debug\wavelet.obj
c:\users\tombeer\documents\visual studio 2012\projects\mlps\mlps\debug\source.obj
c:\users\tombeer\documents\visual studio 2012\projects\mlps\mlps\debug\vc110.pdb
c:\users\tombeer\documents\visual studio 2012\projects\mlps\debug\mlps.ilk
c:\users\tombeer\documents\visual studio 2012\projects\mlps\debug\mlps.exe
c:\users\tombeer\documents\visual studio 2012\projects\mlps\debug\mlps.pdb
c:\users\tombeer\documents\mlpsc\debug\vc140.pdb
c:\users\tombeer\documents\mlpsc\debug\vc140.idb
c:\users\tombeer\documents\mlpsc\debug\conv.obj
c:\users\tombeer\documents\mlpsc\debug\cwt.obj
c:\users\tombeer\documents\mlpsc\debug\cwtmath.obj
c:\users\tombeer\documents\mlpsc\debug\hsfft.obj
c:\users\tombeer\documents\mlpsc\debug\real.obj
c:\users\tombeer\documents\mlpsc\debug\source.obj
c:\users\tombeer\documents\mlpsc\debug\wavefilt.obj
c:\users\tombeer\documents\mlpsc\debug\wavefunc.obj
c:\users\tombeer\documents\mlpsc\debug\wavelet.obj
c:\users\tombeer\documents\mlpsc\debug\wavelib.obj
c:\users\tombeer\documents\mlpsc\debug\wtmath.obj
c:\users\tombeer\documents\mlpsc\debug\mlps.ilk
c:\users\tombeer\documents\mlpsc\debug\cl.command.1.tlog
c:\users\tombeer\documents\mlpsc\debug\cl.read.1.tlog
c:\users\tombeer\documents\mlpsc\debug\cl.write.1.tlog
c:\users\tombeer\documents\mlpsc\debug\link-cvtres.read.1.tlog
c:\users\tombeer\documents\mlpsc\debug\link-cvtres.write.1.tlog
c:\users\tombeer\documents\mlpsc\debug\link-rc.read.1.tlog
c:\users\tombeer\documents\mlpsc\debug\link-rc.write.1.tlog
c:\users\tombeer\documents\mlpsc\debug\link.command.1.tlog
c:\users\tombeer\documents\mlpsc\debug\link.read.1.tlog
c:\users\tombeer\documents\mlpsc\debug\link.write.1.tlog
c:\users\tombeer\documents\mlpsc\debug\vc110.idb
c:\users\tombeer\documents\mlpsc\debug\mlps.pdb
c:\users\tombeer\documents\mlpsc\debug\vc110.pdb
c:\users\tombeer\documents\mlpsc\debug\mlps.exe
c:\users\tombeer\documents\mlpsc\debug\mlps.tlog\cl.command.1.tlog
c:\users\tombeer\documents\mlpsc\debug\mlps.tlog\cl.read.1.tlog
c:\users\tombeer\documents\mlpsc\debug\mlps.tlog\cl.write.1.tlog
c:\users\tombeer\documents\mlpsc\debug\mlps.tlog\link.command.1.tlog
c:\users\tombeer\documents\mlpsc\debug\mlps.tlog\link.read.1.tlog
c:\users\tombeer\documents\mlpsc\debug\mlps.tlog\link.write.1.tlog
